[2024-08-05T20:26:31.895+0000] {manager.py:470} INFO - Processing files using up to 2 processes at a time 
[2024-08-05T20:26:31.906+0000] {manager.py:471} INFO - Process each file at most once every 30 seconds
[2024-08-05T20:26:31.907+0000] {manager.py:472} INFO - Checking for new files in /opt/airflow/dags every 300 seconds
[2024-08-05T20:26:31.908+0000] {manager.py:737} INFO - Searching for files in /opt/airflow/dags
[2024-08-05T20:26:31.914+0000] {manager.py:740} INFO - There are 0 files in /opt/airflow/dags
[2024-08-06T12:16:33.700+0000] {manager.py:470} INFO - Processing files using up to 2 processes at a time 
[2024-08-06T12:16:33.729+0000] {manager.py:471} INFO - Process each file at most once every 30 seconds
[2024-08-06T12:16:33.732+0000] {manager.py:472} INFO - Checking for new files in /opt/airflow/dags every 300 seconds
[2024-08-06T12:16:33.740+0000] {manager.py:737} INFO - Searching for files in /opt/airflow/dags
[2024-08-06T12:16:33.742+0000] {manager.py:740} INFO - There are 0 files in /opt/airflow/dags
[2024-08-06T12:17:04.474+0000] {manager.py:452} INFO - Exiting gracefully upon receiving signal 15
[2024-08-06T12:17:25.634+0000] {manager.py:470} INFO - Processing files using up to 2 processes at a time 
[2024-08-06T12:17:25.635+0000] {manager.py:471} INFO - Process each file at most once every 30 seconds
[2024-08-06T12:17:25.635+0000] {manager.py:472} INFO - Checking for new files in /opt/airflow/dags every 300 seconds
[2024-08-06T12:17:25.636+0000] {manager.py:737} INFO - Searching for files in /opt/airflow/dags
[2024-08-06T12:17:25.638+0000] {manager.py:740} INFO - There are 0 files in /opt/airflow/dags
[2024-08-06T12:22:26.536+0000] {manager.py:737} INFO - Searching for files in /opt/airflow/dags
[2024-08-06T12:22:26.539+0000] {manager.py:740} INFO - There are 0 files in /opt/airflow/dags
[2024-08-06T12:27:27.437+0000] {manager.py:737} INFO - Searching for files in /opt/airflow/dags
[2024-08-06T12:27:27.441+0000] {manager.py:740} INFO - There are 0 files in /opt/airflow/dags
[2024-08-06T12:32:28.303+0000] {manager.py:737} INFO - Searching for files in /opt/airflow/dags
[2024-08-06T12:32:28.307+0000] {manager.py:740} INFO - There are 0 files in /opt/airflow/dags
[2024-08-06T12:35:45.325+0000] {manager.py:452} INFO - Exiting gracefully upon receiving signal 15
[2024-08-06T12:41:07.517+0000] {manager.py:470} INFO - Processing files using up to 2 processes at a time 
[2024-08-06T12:41:07.564+0000] {manager.py:471} INFO - Process each file at most once every 30 seconds
[2024-08-06T12:41:07.565+0000] {manager.py:472} INFO - Checking for new files in /opt/airflow/dags every 300 seconds
[2024-08-06T12:41:07.570+0000] {manager.py:737} INFO - Searching for files in /opt/airflow/dags
[2024-08-06T12:41:07.575+0000] {manager.py:740} INFO - There are 0 files in /opt/airflow/dags
[2024-08-06T12:41:33.170+0000] {manager.py:452} INFO - Exiting gracefully upon receiving signal 15
[2024-08-06T12:44:15.078+0000] {manager.py:470} INFO - Processing files using up to 2 processes at a time 
[2024-08-06T12:44:15.079+0000] {manager.py:471} INFO - Process each file at most once every 30 seconds
[2024-08-06T12:44:15.082+0000] {manager.py:472} INFO - Checking for new files in /opt/airflow/dags every 300 seconds
[2024-08-06T12:44:15.085+0000] {manager.py:737} INFO - Searching for files in /opt/airflow/dags
[2024-08-06T12:44:15.090+0000] {manager.py:740} INFO - There are 0 files in /opt/airflow/dags
[2024-08-06T12:46:18.763+0000] {manager.py:452} INFO - Exiting gracefully upon receiving signal 15
[2024-08-06T13:11:12.226+0000] {manager.py:470} INFO - Processing files using up to 2 processes at a time 
[2024-08-06T13:11:12.344+0000] {manager.py:471} INFO - Process each file at most once every 30 seconds
[2024-08-06T13:11:12.347+0000] {manager.py:472} INFO - Checking for new files in /opt/airflow/dags every 300 seconds
[2024-08-06T13:11:12.349+0000] {manager.py:737} INFO - Searching for files in /opt/airflow/dags
[2024-08-06T13:11:12.357+0000] {manager.py:740} INFO - There are 0 files in /opt/airflow/dags
[2024-08-06T13:12:34.022+0000] {manager.py:452} INFO - Exiting gracefully upon receiving signal 15
[2024-08-06T13:13:12.844+0000] {manager.py:470} INFO - Processing files using up to 2 processes at a time 
[2024-08-06T13:13:12.847+0000] {manager.py:471} INFO - Process each file at most once every 30 seconds
[2024-08-06T13:13:12.849+0000] {manager.py:472} INFO - Checking for new files in /opt/airflow/dags every 300 seconds
[2024-08-06T13:13:12.850+0000] {manager.py:737} INFO - Searching for files in /opt/airflow/dags
[2024-08-06T13:13:12.853+0000] {manager.py:740} INFO - There are 0 files in /opt/airflow/dags
[2024-08-06T13:17:01.232+0000] {manager.py:470} INFO - Processing files using up to 2 processes at a time 
[2024-08-06T13:17:01.233+0000] {manager.py:471} INFO - Process each file at most once every 30 seconds
[2024-08-06T13:17:01.243+0000] {manager.py:472} INFO - Checking for new files in /opt/airflow/dags every 300 seconds
[2024-08-06T13:17:01.246+0000] {manager.py:737} INFO - Searching for files in /opt/airflow/dags
[2024-08-06T13:17:01.257+0000] {manager.py:740} INFO - There are 0 files in /opt/airflow/dags
[2024-08-06T13:20:35.945+0000] {manager.py:452} INFO - Exiting gracefully upon receiving signal 15
[2024-08-06T17:48:59.976+0000] {manager.py:470} INFO - Processing files using up to 2 processes at a time 
[2024-08-06T17:49:00.023+0000] {manager.py:471} INFO - Process each file at most once every 30 seconds
[2024-08-06T17:49:00.043+0000] {manager.py:472} INFO - Checking for new files in /opt/airflow/dags every 300 seconds
[2024-08-06T17:49:00.070+0000] {manager.py:737} INFO - Searching for files in /opt/airflow/dags
[2024-08-06T17:49:00.074+0000] {manager.py:740} INFO - There are 0 files in /opt/airflow/dags
[2024-08-06T17:49:38.281+0000] {manager.py:452} INFO - Exiting gracefully upon receiving signal 15
